TN:
SF:src/config.ts
FN:4,(anonymous_6)
FN:15,(anonymous_7)
FN:21,(anonymous_8)
FN:41,(anonymous_9)
FN:56,(anonymous_10)
FN:81,getConfig
FNF:6
FNH:6
FNDA:2,(anonymous_6)
FNDA:4,(anonymous_7)
FNDA:4,(anonymous_8)
FNDA:7,(anonymous_9)
FNDA:4,(anonymous_10)
FNDA:4,getConfig
DA:2,2
DA:4,2
DA:5,2
DA:15,2
DA:16,4
DA:17,0
DA:19,4
DA:21,2
DA:22,4
DA:23,0
DA:25,4
DA:26,4
DA:28,4
DA:29,0
DA:33,4
DA:34,4
DA:36,0
DA:41,2
DA:42,7
DA:43,1
DA:46,6
DA:47,2
DA:50,4
DA:51,2
DA:53,2
DA:56,2
DA:57,4
DA:58,1
DA:61,3
DA:63,3
DA:64,1
DA:65,0
DA:67,1
DA:69,2
DA:70,1
DA:71,0
DA:73,1
DA:75,1
DA:76,0
DA:78,1
DA:81,2
DA:82,4
LF:42
LH:35
BRDA:4,0,0,2
BRDA:4,0,1,2
BRDA:16,1,0,0
BRDA:22,2,0,0
BRDA:26,3,0,4
BRDA:26,3,1,4
BRDA:28,4,0,0
BRDA:33,5,0,4
BRDA:33,5,1,0
BRDA:42,6,0,1
BRDA:42,7,0,7
BRDA:42,7,1,6
BRDA:46,8,0,2
BRDA:50,9,0,2
BRDA:57,10,0,1
BRDA:57,11,0,4
BRDA:57,11,1,3
BRDA:63,12,0,1
BRDA:64,13,0,0
BRDA:69,14,0,1
BRDA:70,15,0,0
BRDA:75,16,0,0
BRF:22
BRH:15
end_of_record
TN:
SF:src/projector.ts
FN:19,(anonymous_6)
FN:21,(anonymous_7)
FN:30,(anonymous_8)
FN:39,(anonymous_9)
FN:55,(anonymous_10)
FN:63,(anonymous_11)
FN:70,(anonymous_12)
FNF:7
FNH:6
FNDA:6,(anonymous_6)
FNDA:1,(anonymous_7)
FNDA:3,(anonymous_8)
FNDA:8,(anonymous_9)
FNDA:2,(anonymous_10)
FNDA:2,(anonymous_11)
FNDA:0,(anonymous_12)
DA:1,1
DA:3,1
DA:14,1
DA:17,1
DA:19,6
DA:22,1
DA:23,1
DA:24,1
DA:25,1
DA:26,3
DA:27,3
DA:28,3
DA:30,1
DA:31,3
DA:32,3
DA:33,3
DA:35,3
DA:40,8
DA:41,8
DA:42,8
DA:43,8
DA:44,12
DA:45,12
DA:46,8
DA:47,8
DA:49,4
DA:50,4
DA:52,8
DA:56,2
DA:57,2
DA:58,0
DA:60,2
DA:64,2
DA:65,2
DA:66,2
DA:71,0
DA:72,0
DA:73,0
DA:74,0
DA:77,0
DA:79,0
DA:81,0
LF:42
LH:34
BRDA:32,0,0,3
BRDA:44,1,0,0
BRDA:44,1,1,12
BRDA:44,2,0,12
BRDA:44,2,1,12
BRDA:45,3,0,8
BRDA:57,4,0,0
BRDA:65,5,0,2
BRDA:71,6,0,0
BRF:9
BRH:6
end_of_record
